[03:02:40.946] [INFO] storybook v10.2.8
[03:02:41.322] [DEBUG] Getting package.json info for /app/package.json...
[03:02:41.809] [WARN] Looks like multiple favicons were detected. Using the first one.

/app/public/favicon.svg, /app/public/favicon.ico
[03:02:41.810] [DEBUG] Serving static files from public at /
[03:02:41.833] [INFO] Starting...
[03:02:41.835] [WARN] Looks like multiple favicons were detected. Using the first one.

/app/public/favicon.svg, /app/public/favicon.ico
[03:02:41.854] [WARN] unable to find package.json for react-leaflet
[03:02:41.928] [WARN] No story files found for the specified pattern: src/**/*.mdx
[03:02:42.354] [DEBUG] Starting preview..
[03:02:42.520] [DEBUG] Using tsconfig paths for react-docgen
[03:02:42.585] [ERROR] Failed to build the preview
[03:02:42.587] [ERROR] [38;2;241;97;97mReferenceError: __dirname is not defined[39m
    at Object.viteFinal (file://./.storybook/main.ts:29:35)
    at file://./node_modules/.pnpm/storybook@10.2.8_@testing-library+dom@10.4.0_prettier@3.6.2_react-dom@19.1.0_react@19.1.0__react@19.1.0/node_modules/storybook/dist/_node-chunks/chunk-WF46L34H.js:10114:36
    at async createViteServer (file://./node_modules/.pnpm/@storybook+builder-vite@10.2.8_esbuild@0.25.9_rollup@4.50.1_storybook@10.2.8_@testing-l_b7c5ed8b1db946d088bc2d32c6edc3e7/node_modules/@storybook/builder-vite/dist/index.js:1898:21)
    at async Module.start (file://./node_modules/.pnpm/@storybook+builder-vite@10.2.8_esbuild@0.25.9_rollup@4.50.1_storybook@10.2.8_@testing-l_b7c5ed8b1db946d088bc2d32c6edc3e7/node_modules/@storybook/builder-vite/dist/index.js:1923:17)
    at async storybookDevServer (file://./node_modules/.pnpm/storybook@10.2.8_@testing-library+dom@10.4.0_prettier@3.6.2_react-dom@19.1.0_react@19.1.0__react@19.1.0/node_modules/storybook/dist/core-server/index.js:7207:83)
    at async buildOrThrow (file://./node_modules/.pnpm/storybook@10.2.8_@testing-library+dom@10.4.0_prettier@3.6.2_react-dom@19.1.0_react@19.1.0__react@19.1.0/node_modules/storybook/dist/core-server/index.js:4504:12)
    at async buildDevStandalone (file://./node_modules/.pnpm/storybook@10.2.8_@testing-library+dom@10.4.0_prettier@3.6.2_react-dom@19.1.0_react@19.1.0__react@19.1.0/node_modules/storybook/dist/core-server/index.js:7577:66)
    at async withTelemetry (file://./node_modules/.pnpm/storybook@10.2.8_@testing-library+dom@10.4.0_prettier@3.6.2_react-dom@19.1.0_react@19.1.0__react@19.1.0/node_modules/storybook/dist/_node-chunks/chunk-KIOKJLL5.js:218:12)
    at async dev (file://./node_modules/.pnpm/storybook@10.2.8_@testing-library+dom@10.4.0_prettier@3.6.2_react-dom@19.1.0_react@19.1.0__react@19.1.0/node_modules/storybook/dist/bin/core.js:2734:3)
    at async _Command.<anonymous> (file://./node_modules/.pnpm/storybook@10.2.8_@testing-library+dom@10.4.0_prettier@3.6.2_react-dom@19.1.0_react@19.1.0__react@19.1.0/node_modules/storybook/dist/bin/core.js:2803:92)
[03:02:42.591] [WARN] Broken build, fix the error above.
You may need to refresh the browser.